<?xml version="1.0" encoding="UTF-8"?>
<!-- Generated by org.testng.reporters.JUnitXMLReporter -->
<testsuite hostname="DESKTOP-T4S1BSK" ignored="3" tests="1" failures="0" timestamp="2020-04-01T12:06:10 PDT" time="6.153" errors="0">
  <testcase name="test4" time="5.057" classname="RestAzure"/>
  <testcase name="test2" time="0.0" classname="RestAzure">
    <ignored/>
  </testcase> <!-- test2 -->
  <testcase name="test3" time="0.0" classname="RestAzure">
    <ignored/>
  </testcase> <!-- test3 -->
  <testcase name="test1" time="0.0" classname="RestAzure">
    <ignored/>
  </testcase> <!-- test1 -->
</testsuite>
