<?xml version="1.0" encoding="UTF-8"?>
<testng-results skipped="0" failed="0" ignored="3" total="4" passed="1">
  <reporter-output>
  </reporter-output>
  <suite name="Default suite" duration-ms="6153" started-at="2020-04-01T12:06:04 PDT" finished-at="2020-04-01T12:06:10 PDT">
    <groups>
    </groups>
    <test name="Default test" duration-ms="6153" started-at="2020-04-01T12:06:04 PDT" finished-at="2020-04-01T12:06:10 PDT">
      <class name="RestAzure">
        <test-method status="PASS" signature="setUp()[pri:0, instance:RestAzure@15d0c81b]" name="setUp" is-config="true" duration-ms="1004" started-at="2020-04-01T12:06:04 PDT" finished-at="2020-04-01T12:06:05 PDT">
          <reporter-output>
          </reporter-output>
        </test-method> <!-- setUp -->
        <test-method status="PASS" signature="test4()[pri:0, instance:RestAzure@15d0c81b]" name="test4" duration-ms="5057" started-at="2020-04-01T12:06:05 PDT" finished-at="2020-04-01T12:06:10 PDT">
          <reporter-output>
          </reporter-output>
        </test-method> <!-- test4 -->
      </class> <!-- RestAzure -->
    </test> <!-- Default test -->
  </suite> <!-- Default suite -->
</testng-results>
